<?xml version="1.0" encoding="UTF-8"?>
<testng-results ignored="0" total="1" passed="1" failed="0" skipped="0">
  <reporter-output>
  </reporter-output>
  <suite started-at="2022-04-11T13:35:51 IST" name="Suite" finished-at="2022-04-11T13:36:21 IST" duration-ms="30411">
    <groups>
    </groups>
    <test started-at="2022-04-11T13:35:51 IST" name="Test" finished-at="2022-04-11T13:36:21 IST" duration-ms="30411">
      <class name="com.qa.Testcases.TC_ReRun_Pipelines">
        <test-method is-config="true" signature="setup()[pri:0, instance:com.qa.Testcases.TC_ReRun_Pipelines@70e9c95d]" started-at="2022-04-11T13:35:51 IST" name="setup" finished-at="2022-04-11T13:36:06 IST" duration-ms="15858" status="PASS">
          <reporter-output>
          </reporter-output>
        </test-method> <!-- setup -->
        <test-method signature="Verify()[pri:0, instance:com.qa.Testcases.TC_ReRun_Pipelines@70e9c95d]" started-at="2022-04-11T13:36:06 IST" name="Verify" finished-at="2022-04-11T13:36:20 IST" duration-ms="13799" status="PASS">
          <reporter-output>
          </reporter-output>
        </test-method> <!-- Verify -->
        <test-method is-config="true" signature="teardown()[pri:0, instance:com.qa.Testcases.TC_ReRun_Pipelines@70e9c95d]" started-at="2022-04-11T13:36:20 IST" name="teardown" finished-at="2022-04-11T13:36:21 IST" duration-ms="717" status="PASS">
          <reporter-output>
          </reporter-output>
        </test-method> <!-- teardown -->
      </class> <!-- com.qa.Testcases.TC_ReRun_Pipelines -->
    </test> <!-- Test -->
  </suite> <!-- Suite -->
</testng-results>
